Build started 06.12.2014 16:36:25.
     1>Project "F:\Melnik_Kursova\Melnik_Kursova\Melnik_Kursova.vcxproj" on node 2 (Rebuild target(s)).
     1>ClCompile:
         C:\Program Files (x86)\Microsoft Visual Studio 11.0\VC\bin\CL.exe /c /AI"C:\Program Files (x86)\Reference Assemblies\Microsoft\Framework\.NETFramework\v4.5\\" /AI"C:\Program Files (x86)\Windows Kits\8.0\References\CommonConfiguration\Neutral" /AI"C:\Program Files (x86)\Reference Assemblies\Microsoft\Framework\.NETFramework\v4.5\Facades\\" /Zi /clr:pure /nologo /W3 /WX- /O2 /Oy- /D WIN32 /D NDEBUG /D _UNICODE /D UNICODE /EHa /MD /GS /fp:precise /Zc:wchar_t /Zc:forScope /Yc"stdafx.h" /Fp"Release\Melnik_Kursova.pch" /Fo"Release\\" /Fd"Release\vc110.pdb" /TP /FU"C:\Program Files (x86)\Reference Assemblies\Microsoft\Framework\.NETFramework\v4.5\mscorlib.dll" /FU"C:\Program Files (x86)\Reference Assemblies\Microsoft\Framework\.NETFramework\v4.5\System.Data.dll" /FU"C:\Program Files (x86)\Reference Assemblies\Microsoft\Framework\.NETFramework\v4.5\System.dll" /FU"C:\Program Files (x86)\Reference Assemblies\Microsoft\Framework\.NETFramework\v4.5\System.Drawing.dll" /FU"C:\Program Files (x86)\Reference Assemblies\Microsoft\Framework\.NETFramework\v4.5\System.Windows.Forms.dll" /FU"C:\Program Files (x86)\Reference Assemblies\Microsoft\Framework\.NETFramework\v4.5\System.Xml.dll" /analyze- /errorReport:prompt /clr:nostdlib stdafx.cpp
         stdafx.cpp
         C:\Program Files (x86)\Microsoft Visual Studio 11.0\VC\bin\CL.exe /c /AI"C:\Program Files (x86)\Reference Assemblies\Microsoft\Framework\.NETFramework\v4.5\\" /AI"C:\Program Files (x86)\Windows Kits\8.0\References\CommonConfiguration\Neutral" /AI"C:\Program Files (x86)\Reference Assemblies\Microsoft\Framework\.NETFramework\v4.5\Facades\\" /Zi /clr:pure /nologo /W3 /WX- /O2 /Oy- /D WIN32 /D NDEBUG /D _UNICODE /D UNICODE /EHa /MD /GS /fp:precise /Zc:wchar_t /Zc:forScope /Yu"stdafx.h" /Fp"Release\Melnik_Kursova.pch" /Fo"Release\\" /Fd"Release\vc110.pdb" /TP /FU"C:\Program Files (x86)\Reference Assemblies\Microsoft\Framework\.NETFramework\v4.5\mscorlib.dll" /FU"C:\Program Files (x86)\Reference Assemblies\Microsoft\Framework\.NETFramework\v4.5\System.Data.dll" /FU"C:\Program Files (x86)\Reference Assemblies\Microsoft\Framework\.NETFramework\v4.5\System.dll" /FU"C:\Program Files (x86)\Reference Assemblies\Microsoft\Framework\.NETFramework\v4.5\System.Drawing.dll" /FU"C:\Program Files (x86)\Reference Assemblies\Microsoft\Framework\.NETFramework\v4.5\System.Windows.Forms.dll" /FU"C:\Program Files (x86)\Reference Assemblies\Microsoft\Framework\.NETFramework\v4.5\System.Xml.dll" /analyze- /errorReport:prompt /clr:nostdlib AssemblyInfo.cpp Controller.cpp Melnik_Kursova.cpp CustomCircle.cpp
         AssemblyInfo.cpp
         Controller.cpp
     1>Controller.cpp(260): warning C4101: 'e' : unreferenced local variable
     1>Controller.cpp(276): warning C4101: 'e' : unreferenced local variable
     1>Controller.cpp(297): warning C4244: 'initializing' : conversion from 'int' to 'float', possible loss of data
     1>Controller.cpp(298): warning C4244: 'initializing' : conversion from 'int' to 'float', possible loss of data
     1>Controller.cpp(299): warning C4244: 'initializing' : conversion from 'int' to 'float', possible loss of data
     1>Controller.cpp(300): warning C4244: 'initializing' : conversion from 'int' to 'float', possible loss of data
         Melnik_Kursova.cpp
         CustomCircle.cpp
     1>CustomCircle.cpp(38): warning C4244: 'initializing' : conversion from 'int' to 'float', possible loss of data
     1>CustomCircle.cpp(39): warning C4244: 'initializing' : conversion from 'int' to 'float', possible loss of data
     1>CustomCircle.cpp(41): warning C4244: 'return' : conversion from 'double' to 'float', possible loss of data
     1>CustomCircle.cpp(72): warning C4244: '=' : conversion from 'double' to 'float', possible loss of data
         Generating Code...
         C:\Program Files (x86)\Microsoft Visual Studio 11.0\VC\bin\CL.exe /c /Zi /clr:pure /nologo /W3 /WX- /O2 /Oy- /D WIN32 /D NDEBUG /D _UNICODE /D UNICODE /EHa /MD /GS /fp:precise /Zc:wchar_t /Zc:forScope /Fo"Release\\" /Fd"Release\vc110.pdb" /TP /analyze- /errorReport:prompt "C:\Users\Lenka\AppData\Local\Temp\.NETFramework,Version=v4.5.AssemblyAttributes.cpp"
         .NETFramework,Version=v4.5.AssemblyAttributes.cpp
       ResourceCompile:
         C:\Program Files (x86)\Windows Kits\8.0\bin\x86\rc.exe /D _UNICODE /D UNICODE /l"0x0409" /nologo /fo"Release\app.res" app.rc 
       Link:
         C:\Program Files (x86)\Microsoft Visual Studio 11.0\VC\bin\link.exe /ERRORREPORT:PROMPT /OUT:"F:\Melnik_Kursova\Release\Melnik_Kursova.exe" /INCREMENTAL:NO /NOLOGO /ASSEMBLYRESOURCE:Release\Melnik_Kursova.Form1.resources /MANIFEST /MANIFESTUAC:"level='asInvoker' uiAccess='false'" /manifest:embed /DEBUG /PDB:"F:\Melnik_Kursova\Release\Melnik_Kursova.pdb" /SUBSYSTEM:WINDOWS /TLBID:1 /ENTRY:"main" /DYNAMICBASE /FIXED:NO /NXCOMPAT /MACHINE:X86 /SAFESEH Release\app.res
         Release\AssemblyInfo.obj
         Release\Controller.obj
         Release\Melnik_Kursova.obj
         Release\stdafx.obj
         Release\CustomCircle.obj
         "Release\.NETFramework,Version=v4.5.AssemblyAttributes.obj"
         Melnik_Kursova.vcxproj -> F:\Melnik_Kursova\Release\Melnik_Kursova.exe
     1>Done Building Project "F:\Melnik_Kursova\Melnik_Kursova\Melnik_Kursova.vcxproj" (Rebuild target(s)).

Build succeeded.

Time Elapsed 00:00:54.20
