F:\MELNIK_KURSOVA\MELNIK_KURSOVA\RELEASE\MELNIK_KURSOVA.PCH
F:\MELNIK_KURSOVA\MELNIK_KURSOVA\RELEASE\STDAFX.OBJ
F:\MELNIK_KURSOVA\MELNIK_KURSOVA\RELEASE\VC110.PDB
F:\MELNIK_KURSOVA\MELNIK_KURSOVA\RELEASE\CUSTOMCIRCLE.OBJ
F:\MELNIK_KURSOVA\MELNIK_KURSOVA\RELEASE\MELNIK_KURSOVA.OBJ
F:\MELNIK_KURSOVA\MELNIK_KURSOVA\RELEASE\ASSEMBLYINFO.OBJ
F:\MELNIK_KURSOVA\MELNIK_KURSOVA\RELEASE\.NETFRAMEWORK,VERSION=V4.5.ASSEMBLYATTRIBUTES.OBJ
F:\MELNIK_KURSOVA\MELNIK_KURSOVA\RELEASE\CONTROLLER.OBJ
F:\MELNIK_KURSOVA\RELEASE\MELNIK_KURSOVA.EXE
F:\MELNIK_KURSOVA\RELEASE\MELNIK_KURSOVA.PDB
F:\Melnik_Kursova\Melnik_Kursova\Release\Melnik_Kursova.Form1.resources
F:\MELNIK_KURSOVA\MELNIK_KURSOVA\RELEASE\APP.RES
F:\Melnik_Kursova\Melnik_Kursova\Release\Melnik_Kursova.vcxproj.GenerateResource.Cache
F:\Melnik_Kursova\Melnik_Kursova\Release\.NETFramework,Version=v4.5.AssemblyAttributes.obj
F:\Melnik_Kursova\Melnik_Kursova\Release\AssemblyInfo.obj
F:\Melnik_Kursova\Melnik_Kursova\Release\Controller.obj
F:\Melnik_Kursova\Melnik_Kursova\Release\CustomCircle.obj
F:\Melnik_Kursova\Melnik_Kursova\Release\Melnik_Kursova.obj
F:\Melnik_Kursova\Melnik_Kursova\Release\stdafx.obj
F:\Melnik_Kursova\Melnik_Kursova\Release\cl.command.1.tlog
F:\Melnik_Kursova\Melnik_Kursova\Release\CL.read.1.tlog
F:\Melnik_Kursova\Melnik_Kursova\Release\CL.write.1.tlog
F:\Melnik_Kursova\Melnik_Kursova\Release\link-cvtres.read.1.tlog
F:\Melnik_Kursova\Melnik_Kursova\Release\link-cvtres.write.1.tlog
F:\Melnik_Kursova\Melnik_Kursova\Release\link-rc.read.1.tlog
F:\Melnik_Kursova\Melnik_Kursova\Release\link-rc.write.1.tlog
F:\Melnik_Kursova\Melnik_Kursova\Release\link.command.1.tlog
F:\Melnik_Kursova\Melnik_Kursova\Release\link.read.1.tlog
F:\Melnik_Kursova\Melnik_Kursova\Release\link.write.1.tlog
F:\Melnik_Kursova\Melnik_Kursova\Release\Melnik_Kursova.write.1.tlog
F:\Melnik_Kursova\Melnik_Kursova\Release\metagen.read.1.tlog
F:\Melnik_Kursova\Melnik_Kursova\Release\metagen.write.1.tlog
F:\Melnik_Kursova\Melnik_Kursova\Release\rc.command.1.tlog
F:\Melnik_Kursova\Melnik_Kursova\Release\rc.read.1.tlog
F:\Melnik_Kursova\Melnik_Kursova\Release\rc.write.1.tlog
F:\Melnik_Kursova\Melnik_Kursova\Release\app.res
F:\Melnik_Kursova\Melnik_Kursova\Release\Melnik_Kursova.pch
F:\Melnik_Kursova\Melnik_Kursova\Release\vc110.pdb
F:\Melnik_Kursova\Melnik_Kursova\Release\RSAENH.DLL.bi
F:\Melnik_Kursova\Melnik_Kursova\Release\TZRES.DLL.bi
F:\Melnik_Kursova\Release\Melnik_Kursova.pdb
F:\Melnik_Kursova\Release\Melnik_Kursova.exe
