Build started 06.12.2014 14:39:24.
     1>Project "F:\Melnik_Kursova\Melnik_Kursova\Melnik_Kursova.vcxproj" on node 2 (Build target(s)).
     1>ClCompile:
         C:\Program Files (x86)\Microsoft Visual Studio 11.0\VC\bin\CL.exe /c /AI"C:\Program Files (x86)\Reference Assemblies\Microsoft\Framework\.NETFramework\v4.5\\" /AI"C:\Program Files (x86)\Windows Kits\8.0\References\CommonConfiguration\Neutral" /AI"C:\Program Files (x86)\Reference Assemblies\Microsoft\Framework\.NETFramework\v4.5\Facades\\" /Zi /clr:pure /nologo /W3 /WX- /Od /Oy- /D WIN32 /D _DEBUG /D _UNICODE /D UNICODE /EHa /MDd /GS /fp:precise /Zc:wchar_t /Zc:forScope /Yu"stdafx.h" /Fp"Debug\Melnik_Kursova.pch" /Fo"Debug\\" /Fd"Debug\vc110.pdb" /TP /FU"C:\Program Files (x86)\Reference Assemblies\Microsoft\Framework\.NETFramework\v4.5\mscorlib.dll" /FU"C:\Program Files (x86)\Reference Assemblies\Microsoft\Framework\.NETFramework\v4.5\System.Data.dll" /FU"C:\Program Files (x86)\Reference Assemblies\Microsoft\Framework\.NETFramework\v4.5\System.dll" /FU"C:\Program Files (x86)\Reference Assemblies\Microsoft\Framework\.NETFramework\v4.5\System.Drawing.dll" /FU"C:\Program Files (x86)\Reference Assemblies\Microsoft\Framework\.NETFramework\v4.5\System.Windows.Forms.dll" /FU"C:\Program Files (x86)\Reference Assemblies\Microsoft\Framework\.NETFramework\v4.5\System.Xml.dll" /analyze- /errorReport:prompt /clr:nostdlib Controller.cpp
         Controller.cpp
     1>Controller.cpp(256): warning C4101: 'e' : unreferenced local variable
     1>Controller.cpp(272): warning C4101: 'e' : unreferenced local variable
     1>Controller.cpp(293): warning C4244: 'initializing' : conversion from 'int' to 'float', possible loss of data
     1>Controller.cpp(294): warning C4244: 'initializing' : conversion from 'int' to 'float', possible loss of data
     1>Controller.cpp(295): warning C4244: 'initializing' : conversion from 'int' to 'float', possible loss of data
     1>Controller.cpp(296): warning C4244: 'initializing' : conversion from 'int' to 'float', possible loss of data
       Link:
         C:\Program Files (x86)\Microsoft Visual Studio 11.0\VC\bin\link.exe /ERRORREPORT:PROMPT /OUT:"F:\Melnik_Kursova\Debug\Melnik_Kursova.exe" /INCREMENTAL /NOLOGO /ASSEMBLYRESOURCE:Debug\Melnik_Kursova.Form1.resources /MANIFEST /MANIFESTUAC:"level='asInvoker' uiAccess='false'" /manifest:embed /DEBUG /PDB:"F:\Melnik_Kursova\Debug\Melnik_Kursova.pdb" /ASSEMBLYDEBUG /SUBSYSTEM:WINDOWS /TLBID:1 /ENTRY:"main" /DYNAMICBASE /FIXED:NO /NXCOMPAT /MACHINE:X86 Debug\app.res
         Debug\AssemblyInfo.obj
         Debug\Controller.obj
         Debug\Melnik_Kursova.obj
         Debug\stdafx.obj
         Debug\CustomCircle.obj
         "Debug\.NETFramework,Version=v4.5.AssemblyAttributes.obj"
         Melnik_Kursova.vcxproj -> F:\Melnik_Kursova\Debug\Melnik_Kursova.exe
     1>Done Building Project "F:\Melnik_Kursova\Melnik_Kursova\Melnik_Kursova.vcxproj" (Build target(s)).

Build succeeded.

Time Elapsed 00:00:39.97
