F:\MELNIK_KURSOVA\MELNIK_KURSOVA\DEBUG\.NETFRAMEWORK,VERSION=V4.5.ASSEMBLYATTRIBUTES.OBJ
F:\MELNIK_KURSOVA\MELNIK_KURSOVA\DEBUG\VC110.PDB
F:\MELNIK_KURSOVA\MELNIK_KURSOVA\DEBUG\MELNIK_KURSOVA.PCH
F:\MELNIK_KURSOVA\MELNIK_KURSOVA\DEBUG\STDAFX.OBJ
F:\MELNIK_KURSOVA\MELNIK_KURSOVA\DEBUG\MELNIK_KURSOVA.OBJ
F:\MELNIK_KURSOVA\MELNIK_KURSOVA\DEBUG\CUSTOMCIRCLE.OBJ
F:\MELNIK_KURSOVA\MELNIK_KURSOVA\DEBUG\CONTROLLER.OBJ
F:\MELNIK_KURSOVA\MELNIK_KURSOVA\DEBUG\ASSEMBLYINFO.OBJ
F:\MELNIK_KURSOVA\DEBUG\MELNIK_KURSOVA.ILK
F:\MELNIK_KURSOVA\DEBUG\MELNIK_KURSOVA.EXE
F:\MELNIK_KURSOVA\DEBUG\MELNIK_KURSOVA.PDB
䙞尺敍湬歩䭟牵潳慶䵜汥楮彫畋獲癯屡敍湬歩䭟牵潳慶瘮硣牰橯਍㩆䵜汥楮彫畋獲癯屡敍湬歩䭟牵潳慶䑜扥杵䵜汥楮彫畋獲癯⹡潆浲⸱敲潳牵散൳帊㩆䵜汥楮彫畋獲癯屡敍湬歩䭟牵潳慶䵜汥楮彫畋獲癯⹡捶灸潲൪䘊尺敍湬歩䭟牵潳慶䵜汥楮彫畋獲癯屡敄畢屧敍湬歩䭟牵潳慶䘮牯ㅭ爮獥畯捲獥਍䙞尺敍湬歩䭟牵潳慶䵜汥楮彫畋獲癯屡敍湬歩䭟牵潳慶瘮硣牰橯਍㩆䵜汥楮彫畋獲癯屡敍湬歩䭟牵潳慶䑜扥杵䵜汥楮彫畋獲癯⹡潆浲⸱敲潳牵散൳帊㩆䵜汥楮彫畋獲癯屡敍湬歩䭟牵潳慶䵜汥楮彫畋獲癯⹡捶灸潲൪䘊尺敍湬歩䭟牵潳慶䵜汥楮彫畋獲癯屡敄畢屧敍湬歩䭟牵潳慶䘮牯ㅭ爮獥畯捲獥਍䙞尺敍湬歩䭟牵潳慶䵜汥楮彫畋獲癯屡敍湬歩䭟牵潳慶瘮硣牰橯਍㩆䵜汥楮彫畋獲癯屡敍湬歩䭟牵潳慶䑜扥杵䵜汥楮彫畋獲癯⹡潆浲⸱敲潳牵散൳帊㩆䵜汥楮彫畋獲癯屡敍湬歩䭟牵潳慶䵜汥楮彫畋獲癯⹡捶灸潲൪䘊尺敍湬歩䭟牵潳慶䵜汥楮彫畋獲癯屡敄畢屧敍湬歩䭟牵潳慶䘮牯ㅭ爮獥畯捲獥਍䙞尺敍湬歩䭟牵潳慶䵜汥楮彫畋獲癯屡敍湬歩䭟牵潳慶瘮硣牰橯਍㩆䵜汥楮彫畋獲癯屡敍湬歩䭟牵潳慶䑜扥杵䵜汥楮彫畋獲癯⹡潆浲⸱敲潳牵散൳帊㩆䵜汥楮彫畋獲癯屡敍湬歩䭟牵潳慶䵜汥楮彫畋獲癯⹡捶灸潲൪䘊尺敍湬歩䭟牵潳慶䵜汥楮彫畋獲癯屡敄畢屧敍湬歩䭟牵潳慶䘮牯ㅭ爮獥畯捲獥਍䙞尺敍湬歩䭟牵潳慶䵜汥楮彫畋獲癯屡敍湬歩䭟牵潳慶瘮硣牰橯਍㩆䵜汥楮彫畋獲癯屡敍湬歩䭟牵潳慶䑜扥杵䵜汥楮彫畋獲癯⹡潆浲⸱敲潳牵散൳帊㩆䵜汥楮彫畋獲癯屡敍湬歩䭟牵潳慶䵜汥楮彫畋獲癯⹡捶灸潲൪䘊尺敍湬歩䭟牵潳慶䵜汥楮彫畋獲癯屡敄畢屧敍湬歩䭟牵潳慶䘮牯ㅭ爮獥畯捲獥਍䙞尺敍湬歩䭟牵潳慶䵜汥楮彫畋獲癯屡敍湬歩䭟牵潳慶瘮硣牰橯਍㩆䵜汥楮彫畋獲癯屡敍湬歩䭟牵潳慶䑜扥杵䵜汥楮彫畋獲癯⹡潆浲⸱敲潳牵散൳帊㩆䵜汥楮彫畋獲癯屡敍湬歩䭟牵潳慶䵜汥楮彫畋獲癯⹡捶灸潲൪䘊尺敍湬歩䭟牵潳慶䵜汥楮彫畋獲癯屡敄畢屧敍湬歩䭟牵潳慶䘮牯ㅭ爮獥畯捲獥਍䙞尺敍湬歩䭟牵潳慶䵜汥楮彫畋獲癯屡敍湬歩䭟牵潳慶瘮硣牰橯਍㩆䵜汥楮彫畋獲癯屡敍湬歩䭟牵潳慶䑜扥杵䵜汥楮彫畋獲癯⹡潆浲⸱敲潳牵散൳帊㩆䵜汥楮彫畋獲癯屡敍湬歩䭟牵潳慶䵜汥楮彫畋獲癯⹡捶灸潲൪䘊尺敍湬歩䭟牵潳慶䵜汥楮彫畋獲癯屡敄畢屧敍湬歩䭟牵潳慶䘮牯ㅭ爮獥畯捲獥਍䙞尺敍湬歩䭟牵潳慶䵜汥楮彫畋獲癯屡敍湬歩䭟牵潳慶瘮硣牰橯਍㩆䵜汥楮彫畋獲癯屡敍湬歩䭟牵潳慶䑜扥杵䵜汥楮彫畋獲癯⹡潆浲⸱敲潳牵散൳帊㩆䵜汥楮彫畋獲癯屡敍湬歩䭟牵潳慶䵜汥楮彫畋獲癯⹡捶灸潲൪䘊尺敍湬歩䭟牵潳慶䵜汥楮彫畋獲癯屡敄畢屧敍湬歩䭟牵潳慶䘮牯ㅭ爮獥畯捲獥਍䙞尺敍湬歩䭟牵潳慶䵜汥楮彫畋獲癯屡敍湬歩䭟牵潳慶瘮硣牰橯਍㩆䵜汥楮彫畋獲癯屡敍湬歩䭟牵潳慶䑜扥杵䵜汥楮彫畋獲癯⹡潆浲⸱敲潳牵散൳帊㩆䵜汥楮彫畋獲癯屡敍湬歩䭟牵潳慶䵜汥楮彫畋獲癯⹡捶灸潲൪䘊尺敍湬歩䭟牵潳慶䵜汥楮彫畋獲癯屡敄畢屧敍湬歩䭟牵潳慶䘮牯ㅭ爮獥畯捲獥਍䙞尺敍湬歩䭟牵潳慶䵜汥楮彫畋獲癯屡敍湬歩䭟牵潳慶瘮硣牰橯਍㩆䵜汥楮彫畋獲癯屡敍湬歩䭟牵潳慶䑜扥杵䵜汥楮彫畋獲癯⹡潆浲⸱敲潳牵散൳帊㩆䵜汥楮彫畋獲癯屡敍湬歩䭟牵潳慶䵜汥楮彫畋獲癯⹡捶灸潲൪䘊尺敍湬歩䭟牵潳慶䵜汥楮彫畋獲癯屡敄畢屧敍湬歩䭟牵潳慶䘮牯ㅭ爮獥畯捲獥਍䙞尺敍湬歩䭟牵潳慶䵜汥楮彫畋獲癯屡敍湬歩䭟牵潳慶瘮硣牰橯਍㩆䵜汥楮彫畋獲癯屡敍湬歩䭟牵潳慶䑜扥杵䵜汥楮彫畋獲癯⹡潆浲⸱敲潳牵散൳帊㩆䵜汥楮彫畋獲癯屡敍湬歩䭟牵潳慶䵜汥楮彫畋獲癯⹡捶灸潲൪䘊尺敍湬歩䭟牵潳慶䵜汥楮彫畋獲癯屡敄畢屧敍湬歩䭟牵潳慶䘮牯ㅭ爮獥畯捲獥਍
F:\MELNIK_KURSOVA\MELNIK_KURSOVA\DEBUG\APP.RES
F:\Melnik_Kursova\Melnik_Kursova\Debug\Melnik_Kursova.vcxproj.GenerateResource.Cache
F:\Melnik_Kursova\Melnik_Kursova\Debug\Melnik_Kursova.vcxprojResolveAssemblyReference.cache
F:\Melnik_Kursova\Melnik_Kursova\Debug\.NETFramework,Version=v4.5.AssemblyAttributes.obj
F:\Melnik_Kursova\Melnik_Kursova\Debug\AssemblyInfo.obj
F:\Melnik_Kursova\Melnik_Kursova\Debug\Controller.obj
F:\Melnik_Kursova\Melnik_Kursova\Debug\CustomCircle.obj
F:\Melnik_Kursova\Melnik_Kursova\Debug\Melnik_Kursova.obj
F:\Melnik_Kursova\Melnik_Kursova\Debug\stdafx.obj
F:\Melnik_Kursova\Melnik_Kursova\Debug\Melnik_Kursova.Form1.resources
F:\Melnik_Kursova\Melnik_Kursova\Debug\cl.command.1.tlog
F:\Melnik_Kursova\Melnik_Kursova\Debug\CL.read.1.tlog
F:\Melnik_Kursova\Melnik_Kursova\Debug\CL.write.1.tlog
F:\Melnik_Kursova\Melnik_Kursova\Debug\link.1108-cvtres.read.1.tlog
F:\Melnik_Kursova\Melnik_Kursova\Debug\link.1108-cvtres.write.1.tlog
F:\Melnik_Kursova\Melnik_Kursova\Debug\link.1108-rc.read.1.tlog
F:\Melnik_Kursova\Melnik_Kursova\Debug\link.1108-rc.write.1.tlog
F:\Melnik_Kursova\Melnik_Kursova\Debug\link.1108.read.1.tlog
F:\Melnik_Kursova\Melnik_Kursova\Debug\link.1108.write.1.tlog
F:\Melnik_Kursova\Melnik_Kursova\Debug\link.1156-cvtres.read.1.tlog
F:\Melnik_Kursova\Melnik_Kursova\Debug\link.1156-cvtres.write.1.tlog
F:\Melnik_Kursova\Melnik_Kursova\Debug\link.1156-rc.read.1.tlog
F:\Melnik_Kursova\Melnik_Kursova\Debug\link.1156-rc.write.1.tlog
F:\Melnik_Kursova\Melnik_Kursova\Debug\link.1156.read.1.tlog
F:\Melnik_Kursova\Melnik_Kursova\Debug\link.1156.write.1.tlog
F:\Melnik_Kursova\Melnik_Kursova\Debug\link.1364-cvtres.read.1.tlog
F:\Melnik_Kursova\Melnik_Kursova\Debug\link.1364-cvtres.write.1.tlog
F:\Melnik_Kursova\Melnik_Kursova\Debug\link.1364-rc.read.1.tlog
F:\Melnik_Kursova\Melnik_Kursova\Debug\link.1364-rc.write.1.tlog
F:\Melnik_Kursova\Melnik_Kursova\Debug\link.1364.read.1.tlog
F:\Melnik_Kursova\Melnik_Kursova\Debug\link.1364.write.1.tlog
F:\Melnik_Kursova\Melnik_Kursova\Debug\link.1400-cvtres.read.1.tlog
F:\Melnik_Kursova\Melnik_Kursova\Debug\link.1400-cvtres.write.1.tlog
F:\Melnik_Kursova\Melnik_Kursova\Debug\link.1400-rc.read.1.tlog
F:\Melnik_Kursova\Melnik_Kursova\Debug\link.1400-rc.write.1.tlog
F:\Melnik_Kursova\Melnik_Kursova\Debug\link.1400.read.1.tlog
F:\Melnik_Kursova\Melnik_Kursova\Debug\link.1400.write.1.tlog
F:\Melnik_Kursova\Melnik_Kursova\Debug\link.1700-cvtres.read.1.tlog
F:\Melnik_Kursova\Melnik_Kursova\Debug\link.1700-cvtres.write.1.tlog
F:\Melnik_Kursova\Melnik_Kursova\Debug\link.1700-rc.read.1.tlog
F:\Melnik_Kursova\Melnik_Kursova\Debug\link.1700-rc.write.1.tlog
F:\Melnik_Kursova\Melnik_Kursova\Debug\link.1700.read.1.tlog
F:\Melnik_Kursova\Melnik_Kursova\Debug\link.1700.write.1.tlog
F:\Melnik_Kursova\Melnik_Kursova\Debug\link.220-cvtres.read.1.tlog
F:\Melnik_Kursova\Melnik_Kursova\Debug\link.220-cvtres.write.1.tlog
F:\Melnik_Kursova\Melnik_Kursova\Debug\link.220-rc.read.1.tlog
F:\Melnik_Kursova\Melnik_Kursova\Debug\link.220-rc.write.1.tlog
F:\Melnik_Kursova\Melnik_Kursova\Debug\link.220.read.1.tlog
F:\Melnik_Kursova\Melnik_Kursova\Debug\link.220.write.1.tlog
F:\Melnik_Kursova\Melnik_Kursova\Debug\link.2296-cvtres.read.1.tlog
F:\Melnik_Kursova\Melnik_Kursova\Debug\link.2296-cvtres.write.1.tlog
F:\Melnik_Kursova\Melnik_Kursova\Debug\link.2296-rc.read.1.tlog
F:\Melnik_Kursova\Melnik_Kursova\Debug\link.2296-rc.write.1.tlog
F:\Melnik_Kursova\Melnik_Kursova\Debug\link.2296.read.1.tlog
F:\Melnik_Kursova\Melnik_Kursova\Debug\link.2296.write.1.tlog
F:\Melnik_Kursova\Melnik_Kursova\Debug\link.2748-cvtres.read.1.tlog
F:\Melnik_Kursova\Melnik_Kursova\Debug\link.2748-cvtres.write.1.tlog
F:\Melnik_Kursova\Melnik_Kursova\Debug\link.2748-rc.read.1.tlog
F:\Melnik_Kursova\Melnik_Kursova\Debug\link.2748-rc.write.1.tlog
F:\Melnik_Kursova\Melnik_Kursova\Debug\link.2748.read.1.tlog
F:\Melnik_Kursova\Melnik_Kursova\Debug\link.2748.write.1.tlog
F:\Melnik_Kursova\Melnik_Kursova\Debug\link.2824-cvtres.read.1.tlog
F:\Melnik_Kursova\Melnik_Kursova\Debug\link.2824-cvtres.write.1.tlog
F:\Melnik_Kursova\Melnik_Kursova\Debug\link.2824-rc.read.1.tlog
F:\Melnik_Kursova\Melnik_Kursova\Debug\link.2824-rc.write.1.tlog
F:\Melnik_Kursova\Melnik_Kursova\Debug\link.2824.read.1.tlog
F:\Melnik_Kursova\Melnik_Kursova\Debug\link.2824.write.1.tlog
F:\Melnik_Kursova\Melnik_Kursova\Debug\link.2948-cvtres.read.1.tlog
F:\Melnik_Kursova\Melnik_Kursova\Debug\link.2948-cvtres.write.1.tlog
F:\Melnik_Kursova\Melnik_Kursova\Debug\link.2948-rc.read.1.tlog
F:\Melnik_Kursova\Melnik_Kursova\Debug\link.2948-rc.write.1.tlog
F:\Melnik_Kursova\Melnik_Kursova\Debug\link.2948.read.1.tlog
F:\Melnik_Kursova\Melnik_Kursova\Debug\link.2948.write.1.tlog
F:\Melnik_Kursova\Melnik_Kursova\Debug\link.2980-cvtres.read.1.tlog
F:\Melnik_Kursova\Melnik_Kursova\Debug\link.2980-cvtres.write.1.tlog
F:\Melnik_Kursova\Melnik_Kursova\Debug\link.2980-rc.read.1.tlog
F:\Melnik_Kursova\Melnik_Kursova\Debug\link.2980-rc.write.1.tlog
F:\Melnik_Kursova\Melnik_Kursova\Debug\link.2980.read.1.tlog
F:\Melnik_Kursova\Melnik_Kursova\Debug\link.2980.write.1.tlog
F:\Melnik_Kursova\Melnik_Kursova\Debug\link.3176-cvtres.read.1.tlog
F:\Melnik_Kursova\Melnik_Kursova\Debug\link.3176-cvtres.write.1.tlog
F:\Melnik_Kursova\Melnik_Kursova\Debug\link.3176-rc.read.1.tlog
F:\Melnik_Kursova\Melnik_Kursova\Debug\link.3176-rc.write.1.tlog
F:\Melnik_Kursova\Melnik_Kursova\Debug\link.3176.read.1.tlog
F:\Melnik_Kursova\Melnik_Kursova\Debug\link.3176.write.1.tlog
F:\Melnik_Kursova\Melnik_Kursova\Debug\link.732-cvtres.read.1.tlog
F:\Melnik_Kursova\Melnik_Kursova\Debug\link.732-cvtres.write.1.tlog
F:\Melnik_Kursova\Melnik_Kursova\Debug\link.732-rc.read.1.tlog
F:\Melnik_Kursova\Melnik_Kursova\Debug\link.732-rc.write.1.tlog
F:\Melnik_Kursova\Melnik_Kursova\Debug\link.732.read.1.tlog
F:\Melnik_Kursova\Melnik_Kursova\Debug\link.732.write.1.tlog
F:\Melnik_Kursova\Melnik_Kursova\Debug\link.command.1.tlog
F:\Melnik_Kursova\Melnik_Kursova\Debug\link.read.1.tlog
F:\Melnik_Kursova\Melnik_Kursova\Debug\link.write.1.tlog
F:\Melnik_Kursova\Melnik_Kursova\Debug\Melnik_Kursova.write.1.tlog
F:\Melnik_Kursova\Melnik_Kursova\Debug\metagen.read.1.tlog
F:\Melnik_Kursova\Melnik_Kursova\Debug\metagen.write.1.tlog
F:\Melnik_Kursova\Melnik_Kursova\Debug\rc.command.1.tlog
F:\Melnik_Kursova\Melnik_Kursova\Debug\rc.read.1.tlog
F:\Melnik_Kursova\Melnik_Kursova\Debug\rc.write.1.tlog
F:\Melnik_Kursova\Melnik_Kursova\Debug\app.res
F:\Melnik_Kursova\Melnik_Kursova\Debug\Melnik_Kursova.pch
F:\Melnik_Kursova\Melnik_Kursova\Debug\vc110.pdb
F:\Melnik_Kursova\Melnik_Kursova\Debug\RSAENH.DLL.bi
F:\Melnik_Kursova\Melnik_Kursova\Debug\TZRES.DLL.bi
F:\Melnik_Kursova\Debug\Melnik_Kursova.pdb
F:\Melnik_Kursova\Debug\Melnik_Kursova.exe
F:\Melnik_Kursova\Debug\Melnik_Kursova.ilk
